	Babylon.js Exporter version: 1.8.0, Blender version: 2.74 (sub 0)
========= Conversion from Blender to Babylon.js =========
	Python World class constructor completed
	processing begun of material:  level1.Material
	processing begun of material:  level1.Material.001
	processing begun of material:  level1.Material.002
	processing begun of material:  level1.Material.003
	processing begun of material:  level1.Material.004
	processing begun of material:  level1.Material.005
	processing begun of material:  level1.Material.006
	processing begun of material:  level1.Material.007
	processing begun of material:  level1.Material.008
	processing begun of mesh:  Cube.004
		num positions      :  20
		num normals        :  20
		num uvs            :  0
		num uvs2           :  0
		num colors         :  0
		num indices        :  108
	processing begun of mesh:  Cube.003
		num positions      :  40
		num normals        :  40
		num uvs            :  0
		num uvs2           :  0
		num colors         :  0
		num indices        :  228
	processing begun of mesh:  Cube.002
		num positions      :  8
		num normals        :  8
		num uvs            :  0
		num uvs2           :  0
		num colors         :  0
		num indices        :  36
	processing begun of mesh:  Cube
		num positions      :  8
		num normals        :  8
		num uvs            :  0
		num uvs2           :  0
		num colors         :  0
		num indices        :  36
	processing begun of mesh:  Tree.023
		processing begun of multimaterial:  level1.Multimaterial#0
		num positions      :  225
		num normals        :  225
		num uvs            :  0
		num uvs2           :  0
		num colors         :  0
		num indices        :  1326
	processing begun of mesh:  Tree.022
		processing begun of multimaterial:  level1.Multimaterial#1
		num positions      :  225
		num normals        :  225
		num uvs            :  0
		num uvs2           :  0
		num colors         :  0
		num indices        :  1326
	processing begun of mesh:  Tree.021
		processing begun of multimaterial:  level1.Multimaterial#2
		num positions      :  225
		num normals        :  225
		num uvs            :  0
		num uvs2           :  0
		num colors         :  0
		num indices        :  1326
	processing begun of mesh:  Tree.020
		processing begun of multimaterial:  level1.Multimaterial#3
		num positions      :  225
		num normals        :  225
		num uvs            :  0
		num uvs2           :  0
		num colors         :  0
		num indices        :  1326
	processing begun of mesh:  Tree.019
		processing begun of multimaterial:  level1.Multimaterial#4
		num positions      :  225
		num normals        :  225
		num uvs            :  0
		num uvs2           :  0
		num colors         :  0
		num indices        :  1326
	processing begun of mesh:  Tree.018
		processing begun of multimaterial:  level1.Multimaterial#5
		num positions      :  225
		num normals        :  225
		num uvs            :  0
		num uvs2           :  0
		num colors         :  0
		num indices        :  1326
	processing begun of mesh:  Tree.017
		processing begun of multimaterial:  level1.Multimaterial#6
		num positions      :  225
		num normals        :  225
		num uvs            :  0
		num uvs2           :  0
		num colors         :  0
		num indices        :  1326
	processing begun of mesh:  Plane.001
		num positions      :  8
		num normals        :  8
		num uvs            :  0
		num uvs2           :  0
		num colors         :  0
		num indices        :  18
	processing begun of mesh:  Tree.016
		processing begun of multimaterial:  level1.Multimaterial#7
		num positions      :  225
		num normals        :  225
		num uvs            :  0
		num uvs2           :  0
		num colors         :  0
		num indices        :  1326
	processing begun of mesh:  Tree.015
		processing begun of multimaterial:  level1.Multimaterial#8
		num positions      :  225
		num normals        :  225
		num uvs            :  0
		num uvs2           :  0
		num colors         :  0
		num indices        :  1326
	processing begun of mesh:  Tree.014
		processing begun of multimaterial:  level1.Multimaterial#9
		num positions      :  225
		num normals        :  225
		num uvs            :  0
		num uvs2           :  0
		num colors         :  0
		num indices        :  1326
	processing begun of mesh:  Tree.013
		processing begun of multimaterial:  level1.Multimaterial#10
		num positions      :  225
		num normals        :  225
		num uvs            :  0
		num uvs2           :  0
		num colors         :  0
		num indices        :  1326
	processing begun of mesh:  Tree.012
		processing begun of multimaterial:  level1.Multimaterial#11
		num positions      :  225
		num normals        :  225
		num uvs            :  0
		num uvs2           :  0
		num colors         :  0
		num indices        :  1326
	processing begun of mesh:  Tree.011
		processing begun of multimaterial:  level1.Multimaterial#12
		num positions      :  225
		num normals        :  225
		num uvs            :  0
		num uvs2           :  0
		num colors         :  0
		num indices        :  1326
	processing begun of mesh:  Tree.010
		processing begun of multimaterial:  level1.Multimaterial#13
		num positions      :  225
		num normals        :  225
		num uvs            :  0
		num uvs2           :  0
		num colors         :  0
		num indices        :  1326
	processing begun of mesh:  Tree.009
		processing begun of multimaterial:  level1.Multimaterial#14
		num positions      :  225
		num normals        :  225
		num uvs            :  0
		num uvs2           :  0
		num colors         :  0
		num indices        :  1326
	processing begun of mesh:  Tree.008
		processing begun of multimaterial:  level1.Multimaterial#15
		num positions      :  225
		num normals        :  225
		num uvs            :  0
		num uvs2           :  0
		num colors         :  0
		num indices        :  1326
	processing begun of mesh:  Tree.007
		processing begun of multimaterial:  level1.Multimaterial#16
		num positions      :  225
		num normals        :  225
		num uvs            :  0
		num uvs2           :  0
		num colors         :  0
		num indices        :  1326
	processing begun of mesh:  Tree.006
		processing begun of multimaterial:  level1.Multimaterial#17
		num positions      :  225
		num normals        :  225
		num uvs            :  0
		num uvs2           :  0
		num colors         :  0
		num indices        :  1326
	processing begun of mesh:  Tree.005
		processing begun of multimaterial:  level1.Multimaterial#18
		num positions      :  225
		num normals        :  225
		num uvs            :  0
		num uvs2           :  0
		num colors         :  0
		num indices        :  1326
	processing begun of mesh:  Tree.004
		processing begun of multimaterial:  level1.Multimaterial#19
		num positions      :  225
		num normals        :  225
		num uvs            :  0
		num uvs2           :  0
		num colors         :  0
		num indices        :  1326
	processing begun of mesh:  Tree.003
		processing begun of multimaterial:  level1.Multimaterial#20
		num positions      :  225
		num normals        :  225
		num uvs            :  0
		num uvs2           :  0
		num colors         :  0
		num indices        :  1326
	processing begun of mesh:  Tree.002
		processing begun of multimaterial:  level1.Multimaterial#21
		num positions      :  225
		num normals        :  225
		num uvs            :  0
		num uvs2           :  0
		num colors         :  0
		num indices        :  1326
	processing begun of mesh:  Tree.001
		processing begun of multimaterial:  level1.Multimaterial#22
		num positions      :  225
		num normals        :  225
		num uvs            :  0
		num uvs2           :  0
		num colors         :  0
		num indices        :  1326
	processing begun of mesh:  Plane
		num positions      :  96
		num normals        :  96
		num uvs            :  0
		num uvs2           :  0
		num colors         :  0
		num indices        :  564
	processing begun of mesh:  Cube.001
		num positions      :  176
		num normals        :  176
		num uvs            :  0
		num uvs2           :  0
		num colors         :  0
		num indices        :  1044
	processing begun of camera (FreeCamera):  Camera
	processing begun of mesh:  Tree
		processing begun of multimaterial:  level1.Multimaterial#23
		num positions      :  225
		num normals        :  225
		num uvs            :  0
		num uvs2           :  0
		num colors         :  0
		num indices        :  1326
	processing begun of light (HEMI):  Lamp
========= Writing of scene file started =========
========= Writing of scene file completed =========
========= end of processing =========
