	Babylon.js Exporter version: 1.8.0, Blender version: 2.76 (sub 0)
========= Conversion from Blender to Babylon.js =========
	Python World class constructor completed
	processing begun of material:  level1_clintsscreeded_tiup.Material
	processing begun of material:  level1_clintsscreeded_tiup.Material.001
	processing begun of material:  level1_clintsscreeded_tiup.Material.002
	processing begun of material:  level1_clintsscreeded_tiup.Material.003
	processing begun of material:  level1_clintsscreeded_tiup.Material.004
	processing begun of material:  level1_clintsscreeded_tiup.Material.005
	processing begun of material:  level1_clintsscreeded_tiup.Material.006
	processing begun of material:  level1_clintsscreeded_tiup.Material.008
	processing begun of material:  level1_clintsscreeded_tiup.Material.010
	processing begun of material:  level1_clintsscreeded_tiup.Material.011
	processing begun of material:  level1_clintsscreeded_tiup.Material.013
	WARNING texture type not currently supported:  NONE, ignored.
	processing begun of material:  level1_clintsscreeded_tiup.Material.014
	WARNING texture type not currently supported:  NONE, ignored.
	processing begun of material:  level1_clintsscreeded_tiup.Material.015
	processing begun of material:  level1_clintsscreeded_tiup.Material.016
	WARNING texture type not currently supported:  NONE, ignored.
	processing begun of material:  level1_clintsscreeded_tiup.Material.017
	processing begun of mesh:  Ground
		num positions      :  4
		num normals        :  4
		num uvs            :  0
		num uvs2           :  0
		num colors         :  0
		num indices        :  6
	processing begun of mesh:  sticktrig
		num positions      :  8
		num normals        :  8
		num uvs            :  0
		num uvs2           :  0
		num colors         :  0
		num indices        :  36
	processing begun of mesh:  stick
		num positions      :  64
		num normals        :  64
		num uvs            :  0
		num uvs2           :  0
		num colors         :  0
		num indices        :  372
	processing begun of mesh:  log.002
		num positions      :  64
		num normals        :  64
		num uvs            :  0
		num uvs2           :  0
		num colors         :  0
		num indices        :  372
	processing begun of mesh:  log.001
		num positions      :  64
		num normals        :  64
		num uvs            :  0
		num uvs2           :  0
		num colors         :  0
		num indices        :  372
	processing begun of mesh:  enemy2
		processing begun of multimaterial:  level1_clintsscreeded_tiup.Multimaterial#0
		num positions      :  1164
		num normals        :  1164
		num uvs            :  0
		num uvs2           :  0
		num colors         :  0
		num indices        :  5688
	processing begun of mesh:  enemy3
		processing begun of multimaterial:  level1_clintsscreeded_tiup.Multimaterial#1
		num positions      :  1164
		num normals        :  1164
		num uvs            :  0
		num uvs2           :  0
		num colors         :  0
		num indices        :  5688
	processing begun of mesh:  walltrig
		num positions      :  8
		num normals        :  8
		num uvs            :  0
		num uvs2           :  0
		num colors         :  0
		num indices        :  36
	processing begun of mesh:  enemytrig
		num positions      :  8
		num normals        :  8
		num uvs            :  0
		num uvs2           :  0
		num colors         :  0
		num indices        :  36
	processing begun of mesh:  logtrig
		num positions      :  8
		num normals        :  8
		num uvs            :  0
		num uvs2           :  0
		num colors         :  0
		num indices        :  30
	processing begun of mesh:  spawn
		num positions      :  8
		num normals        :  8
		num uvs            :  0
		num uvs2           :  0
		num colors         :  0
		num indices        :  36
	processing begun of mesh:  Cube.004
		num positions      :  20
		num normals        :  20
		num uvs            :  0
		num uvs2           :  0
		num colors         :  0
		num indices        :  108
	processing begun of mesh:  Cube.003
		num positions      :  40
		num normals        :  40
		num uvs            :  0
		num uvs2           :  0
		num colors         :  0
		num indices        :  228
	processing begun of mesh:  Cube.002
		num positions      :  8
		num normals        :  8
		num uvs            :  0
		num uvs2           :  0
		num colors         :  0
		num indices        :  36
	processing begun of mesh:  Cube
		num positions      :  8
		num normals        :  8
		num uvs            :  0
		num uvs2           :  0
		num colors         :  0
		num indices        :  36
	processing begun of mesh:  Tree.023
		processing begun of multimaterial:  level1_clintsscreeded_tiup.Multimaterial#2
		num positions      :  225
		num normals        :  225
		num uvs            :  0
		num uvs2           :  0
		num colors         :  0
		num indices        :  1326
	processing begun of mesh:  Tree.022
		processing begun of multimaterial:  level1_clintsscreeded_tiup.Multimaterial#3
		num positions      :  225
		num normals        :  225
		num uvs            :  0
		num uvs2           :  0
		num colors         :  0
		num indices        :  1326
	processing begun of mesh:  Tree.021
		processing begun of multimaterial:  level1_clintsscreeded_tiup.Multimaterial#4
		num positions      :  225
		num normals        :  225
		num uvs            :  0
		num uvs2           :  0
		num colors         :  0
		num indices        :  1326
	processing begun of mesh:  Tree.020
		processing begun of multimaterial:  level1_clintsscreeded_tiup.Multimaterial#5
		num positions      :  225
		num normals        :  225
		num uvs            :  0
		num uvs2           :  0
		num colors         :  0
		num indices        :  1326
	processing begun of mesh:  Tree.019
		processing begun of multimaterial:  level1_clintsscreeded_tiup.Multimaterial#6
		num positions      :  225
		num normals        :  225
		num uvs            :  0
		num uvs2           :  0
		num colors         :  0
		num indices        :  1326
	processing begun of mesh:  Tree.018
		processing begun of multimaterial:  level1_clintsscreeded_tiup.Multimaterial#7
		num positions      :  225
		num normals        :  225
		num uvs            :  0
		num uvs2           :  0
		num colors         :  0
		num indices        :  1326
	processing begun of mesh:  Tree.017
		processing begun of multimaterial:  level1_clintsscreeded_tiup.Multimaterial#8
		num positions      :  225
		num normals        :  225
		num uvs            :  0
		num uvs2           :  0
		num colors         :  0
		num indices        :  1326
	processing begun of mesh:  Plane.001
		num positions      :  8
		num normals        :  8
		num uvs            :  0
		num uvs2           :  0
		num colors         :  0
		num indices        :  18
	processing begun of mesh:  Tree.016
		processing begun of multimaterial:  level1_clintsscreeded_tiup.Multimaterial#9
		num positions      :  225
		num normals        :  225
		num uvs            :  0
		num uvs2           :  0
		num colors         :  0
		num indices        :  1326
	processing begun of mesh:  Tree.015
		processing begun of multimaterial:  level1_clintsscreeded_tiup.Multimaterial#10
		num positions      :  225
		num normals        :  225
		num uvs            :  0
		num uvs2           :  0
		num colors         :  0
		num indices        :  1326
	processing begun of mesh:  Tree.014
		processing begun of multimaterial:  level1_clintsscreeded_tiup.Multimaterial#11
		num positions      :  225
		num normals        :  225
		num uvs            :  0
		num uvs2           :  0
		num colors         :  0
		num indices        :  1326
	processing begun of mesh:  Tree.013
		processing begun of multimaterial:  level1_clintsscreeded_tiup.Multimaterial#12
		num positions      :  225
		num normals        :  225
		num uvs            :  0
		num uvs2           :  0
		num colors         :  0
		num indices        :  1326
	processing begun of mesh:  Tree.012
		processing begun of multimaterial:  level1_clintsscreeded_tiup.Multimaterial#13
		num positions      :  225
		num normals        :  225
		num uvs            :  0
		num uvs2           :  0
		num colors         :  0
		num indices        :  1326
	processing begun of mesh:  Tree.011
		processing begun of multimaterial:  level1_clintsscreeded_tiup.Multimaterial#14
		num positions      :  225
		num normals        :  225
		num uvs            :  0
		num uvs2           :  0
		num colors         :  0
		num indices        :  1326
	processing begun of mesh:  Tree.010
		processing begun of multimaterial:  level1_clintsscreeded_tiup.Multimaterial#15
		num positions      :  225
		num normals        :  225
		num uvs            :  0
		num uvs2           :  0
		num colors         :  0
		num indices        :  1326
	processing begun of mesh:  Tree.009
		processing begun of multimaterial:  level1_clintsscreeded_tiup.Multimaterial#16
		num positions      :  225
		num normals        :  225
		num uvs            :  0
		num uvs2           :  0
		num colors         :  0
		num indices        :  1326
	processing begun of mesh:  Tree.008
		processing begun of multimaterial:  level1_clintsscreeded_tiup.Multimaterial#17
		num positions      :  225
		num normals        :  225
		num uvs            :  0
		num uvs2           :  0
		num colors         :  0
		num indices        :  1326
	processing begun of mesh:  Tree.007
		processing begun of multimaterial:  level1_clintsscreeded_tiup.Multimaterial#18
		num positions      :  225
		num normals        :  225
		num uvs            :  0
		num uvs2           :  0
		num colors         :  0
		num indices        :  1326
	processing begun of mesh:  Tree.006
		processing begun of multimaterial:  level1_clintsscreeded_tiup.Multimaterial#19
		num positions      :  225
		num normals        :  225
		num uvs            :  0
		num uvs2           :  0
		num colors         :  0
		num indices        :  1326
	processing begun of mesh:  Tree.005
		processing begun of multimaterial:  level1_clintsscreeded_tiup.Multimaterial#20
		num positions      :  225
		num normals        :  225
		num uvs            :  0
		num uvs2           :  0
		num colors         :  0
		num indices        :  1326
	processing begun of mesh:  Tree.004
		processing begun of multimaterial:  level1_clintsscreeded_tiup.Multimaterial#21
		num positions      :  225
		num normals        :  225
		num uvs            :  0
		num uvs2           :  0
		num colors         :  0
		num indices        :  1326
	processing begun of mesh:  Tree.003
		processing begun of multimaterial:  level1_clintsscreeded_tiup.Multimaterial#22
		num positions      :  225
		num normals        :  225
		num uvs            :  0
		num uvs2           :  0
		num colors         :  0
		num indices        :  1326
	processing begun of mesh:  Tree.002
		processing begun of multimaterial:  level1_clintsscreeded_tiup.Multimaterial#23
		num positions      :  225
		num normals        :  225
		num uvs            :  0
		num uvs2           :  0
		num colors         :  0
		num indices        :  1326
	processing begun of mesh:  Tree.001
		processing begun of multimaterial:  level1_clintsscreeded_tiup.Multimaterial#24
		num positions      :  225
		num normals        :  225
		num uvs            :  0
		num uvs2           :  0
		num colors         :  0
		num indices        :  1326
	processing begun of mesh:  Cube.001
		num positions      :  176
		num normals        :  176
		num uvs            :  0
		num uvs2           :  0
		num colors         :  0
		num indices        :  1044
	processing begun of camera (FreeCamera):  Camera
	processing begun of mesh:  Tree
		processing begun of multimaterial:  level1_clintsscreeded_tiup.Multimaterial#25
		num positions      :  225
		num normals        :  225
		num uvs            :  0
		num uvs2           :  0
		num colors         :  0
		num indices        :  1326
	processing begun of mesh:  log
		num positions      :  64
		num normals        :  64
		num uvs            :  0
		num uvs2           :  0
		num colors         :  0
		num indices        :  372
	processing begun of mesh:  Barricade
		num positions      :  32
		num normals        :  32
		num uvs            :  0
		num uvs2           :  0
		num colors         :  0
		num indices        :  144
	processing begun of mesh:  boss
		processing begun of multimaterial:  level1_clintsscreeded_tiup.Multimaterial#26
		num positions      :  1136
		num normals        :  1136
		num uvs            :  0
		num uvs2           :  0
		num colors         :  0
		num indices        :  5628
	processing begun of mesh:  enemy
		processing begun of multimaterial:  level1_clintsscreeded_tiup.Multimaterial#27
		num positions      :  1164
		num normals        :  1164
		num uvs            :  0
		num uvs2           :  0
		num colors         :  0
		num indices        :  5688
	processing begun of light (HEMI):  Lamp
========= Writing of scene file started =========
========= Writing of scene file completed =========
========= end of processing =========
