	Babylon.js Exporter version: 1.8.0, Blender version: 2.76 (sub 0)
========= Conversion from Blender to Babylon.js =========
	Python World class constructor completed
	processing begun of material:  dracobones.Material
	processing begun of material:  dracobones.Material.001
	processing begun of material:  dracobones.Material.002
	processing begun of material:  dracobones.Material.003
	processing begun of material:  dracobones.Material.004
	Diffuse texture found
	processing begun of material:  dracobones.Material.005
	Diffuse texture found
	processing begun of skeleton:  Armature, id:  0
	processing begun of bone:  Bone, index:  0
	animation begun of bone:  Bone
	processing begun of bone:  shoulder.R, index:  1
	animation begun of bone:  shoulder.R
	processing begun of bone:  arm.R, index:  2
	animation begun of bone:  arm.R
	processing begun of bone:  shoulder.L, index:  3
	animation begun of bone:  shoulder.L
	processing begun of bone:  arm.L, index:  4
	animation begun of bone:  arm.L
	processing begun of bone:  wing.R, index:  5
	animation begun of bone:  wing.R
	processing begun of bone:  wing.L, index:  6
	animation begun of bone:  wing.L
	processing begun of bone:  neck, index:  7
	animation begun of bone:  neck
	processing begun of bone:  head, index:  8
	animation begun of bone:  head
	processing begun of bone:  hip.R, index:  9
	animation begun of bone:  hip.R
	processing begun of bone:  thigh.R, index:  10
	animation begun of bone:  thigh.R
	processing begun of bone:  calf.R, index:  11
	animation begun of bone:  calf.R
	processing begun of bone:  foot.R, index:  12
	animation begun of bone:  foot.R
	processing begun of bone:  hip.L, index:  13
	animation begun of bone:  hip.L
	processing begun of bone:  thigh.L, index:  14
	animation begun of bone:  thigh.L
	processing begun of bone:  calf.L, index:  15
	animation begun of bone:  calf.L
	processing begun of bone:  foot.L, index:  16
	animation begun of bone:  foot.L
	processing complete of skeleton:  Armature
	processing begun of mesh:  Draco
		processing begun of multimaterial:  dracobones.Multimaterial#0
		WARNING: Maximum # of influencers exceeded for a vertex, extras ignored
		WARNING: Maximum # of influencers exceeded for a vertex, extras ignored
		WARNING: Maximum # of influencers exceeded for a vertex, extras ignored
		WARNING: Maximum # of influencers exceeded for a vertex, extras ignored
		WARNING: Maximum # of influencers exceeded for a vertex, extras ignored
		WARNING: Maximum # of influencers exceeded for a vertex, extras ignored
		WARNING: Maximum # of influencers exceeded for a vertex, extras ignored
		WARNING: Maximum # of influencers exceeded for a vertex, extras ignored
		WARNING: Maximum # of influencers exceeded for a vertex, extras ignored
		WARNING: Maximum # of influencers exceeded for a vertex, extras ignored
		WARNING: Maximum # of influencers exceeded for a vertex, extras ignored
		WARNING: Maximum # of influencers exceeded for a vertex, extras ignored
		WARNING: Maximum # of influencers exceeded for a vertex, extras ignored
		WARNING: Maximum # of influencers exceeded for a vertex, extras ignored
		WARNING: Maximum # of influencers exceeded for a vertex, extras ignored
		WARNING: Maximum # of influencers exceeded for a vertex, extras ignored
		WARNING: Maximum # of influencers exceeded for a vertex, extras ignored
		WARNING: Maximum # of influencers exceeded for a vertex, extras ignored
		WARNING: Maximum # of influencers exceeded for a vertex, extras ignored
		WARNING: Maximum # of influencers exceeded for a vertex, extras ignored
		WARNING: Maximum # of influencers exceeded for a vertex, extras ignored
		WARNING: Maximum # of influencers exceeded for a vertex, extras ignored
		WARNING: Maximum # of influencers exceeded for a vertex, extras ignored
		WARNING: Maximum # of influencers exceeded for a vertex, extras ignored
		WARNING: Maximum # of influencers exceeded for a vertex, extras ignored
		WARNING: Maximum # of influencers exceeded for a vertex, extras ignored
		WARNING: Maximum # of influencers exceeded for a vertex, extras ignored
		WARNING: Maximum # of influencers exceeded for a vertex, extras ignored
		WARNING: Maximum # of influencers exceeded for a vertex, extras ignored
		WARNING: Maximum # of influencers exceeded for a vertex, extras ignored
		WARNING: Maximum # of influencers exceeded for a vertex, extras ignored
		WARNING: Maximum # of influencers exceeded for a vertex, extras ignored
		WARNING: Maximum # of influencers exceeded for a vertex, extras ignored
		WARNING: Maximum # of influencers exceeded for a vertex, extras ignored
		WARNING: Maximum # of influencers exceeded for a vertex, extras ignored
		WARNING: Maximum # of influencers exceeded for a vertex, extras ignored
		WARNING: Maximum # of influencers exceeded for a vertex, extras ignored
		WARNING: Maximum # of influencers exceeded for a vertex, extras ignored
		WARNING: Maximum # of influencers exceeded for a vertex, extras ignored
		WARNING: Maximum # of influencers exceeded for a vertex, extras ignored
		WARNING: Maximum # of influencers exceeded for a vertex, extras ignored
		WARNING: Maximum # of influencers exceeded for a vertex, extras ignored
		WARNING: Maximum # of influencers exceeded for a vertex, extras ignored
		WARNING: Maximum # of influencers exceeded for a vertex, extras ignored
		WARNING: Maximum # of influencers exceeded for a vertex, extras ignored
		WARNING: Maximum # of influencers exceeded for a vertex, extras ignored
		WARNING: Maximum # of influencers exceeded for a vertex, extras ignored
		WARNING: Maximum # of influencers exceeded for a vertex, extras ignored
		WARNING: Maximum # of influencers exceeded for a vertex, extras ignored
		WARNING: Maximum # of influencers exceeded for a vertex, extras ignored
		WARNING: Maximum # of influencers exceeded for a vertex, extras ignored
		WARNING: Maximum # of influencers exceeded for a vertex, extras ignored
		WARNING: Maximum # of influencers exceeded for a vertex, extras ignored
		WARNING: Maximum # of influencers exceeded for a vertex, extras ignored
		WARNING: Maximum # of influencers exceeded for a vertex, extras ignored
		WARNING: Maximum # of influencers exceeded for a vertex, extras ignored
		WARNING: Maximum # of influencers exceeded for a vertex, extras ignored
		WARNING: Maximum # of influencers exceeded for a vertex, extras ignored
		WARNING: Maximum # of influencers exceeded for a vertex, extras ignored
		WARNING: Maximum # of influencers exceeded for a vertex, extras ignored
		WARNING: Maximum # of influencers exceeded for a vertex, extras ignored
		WARNING: Maximum # of influencers exceeded for a vertex, extras ignored
		WARNING: Maximum # of influencers exceeded for a vertex, extras ignored
		WARNING: Maximum # of influencers exceeded for a vertex, extras ignored
		WARNING: Maximum # of influencers exceeded for a vertex, extras ignored
		WARNING: Maximum # of influencers exceeded for a vertex, extras ignored
		WARNING: Maximum # of influencers exceeded for a vertex, extras ignored
		WARNING: Maximum # of influencers exceeded for a vertex, extras ignored
		WARNING: Maximum # of influencers exceeded for a vertex, extras ignored
		WARNING: Maximum # of influencers exceeded for a vertex, extras ignored
		WARNING: Maximum # of influencers exceeded for a vertex, extras ignored
		WARNING: Maximum # of influencers exceeded for a vertex, extras ignored
		WARNING: Maximum # of influencers exceeded for a vertex, extras ignored
		WARNING: Maximum # of influencers exceeded for a vertex, extras ignored
		WARNING: Maximum # of influencers exceeded for a vertex, extras ignored
		WARNING: Maximum # of influencers exceeded for a vertex, extras ignored
		WARNING: Maximum # of influencers exceeded for a vertex, extras ignored
		WARNING: Maximum # of influencers exceeded for a vertex, extras ignored
		WARNING: Maximum # of influencers exceeded for a vertex, extras ignored
		WARNING: Maximum # of influencers exceeded for a vertex, extras ignored
		WARNING: Maximum # of influencers exceeded for a vertex, extras ignored
		WARNING: Maximum # of influencers exceeded for a vertex, extras ignored
		WARNING: Maximum # of influencers exceeded for a vertex, extras ignored
		WARNING: Maximum # of influencers exceeded for a vertex, extras ignored
		WARNING: Maximum # of influencers exceeded for a vertex, extras ignored
		WARNING: Maximum # of influencers exceeded for a vertex, extras ignored
		WARNING: Maximum # of influencers exceeded for a vertex, extras ignored
		WARNING: Maximum # of influencers exceeded for a vertex, extras ignored
		WARNING: Maximum # of influencers exceeded for a vertex, extras ignored
		WARNING: Maximum # of influencers exceeded for a vertex, extras ignored
		WARNING: Maximum # of influencers exceeded for a vertex, extras ignored
		WARNING: Maximum # of influencers exceeded for a vertex, extras ignored
		WARNING: Maximum # of influencers exceeded for a vertex, extras ignored
		WARNING: Maximum # of influencers exceeded for a vertex, extras ignored
		WARNING: Maximum # of influencers exceeded for a vertex, extras ignored
		WARNING: Maximum # of influencers exceeded for a vertex, extras ignored
		WARNING: Maximum # of influencers exceeded for a vertex, extras ignored
		WARNING: Maximum # of influencers exceeded for a vertex, extras ignored
		WARNING: Maximum # of influencers exceeded for a vertex, extras ignored
		WARNING: Maximum # of influencers exceeded for a vertex, extras ignored
		WARNING: Maximum # of influencers exceeded for a vertex, extras ignored
		WARNING: Maximum # of influencers exceeded for a vertex, extras ignored
		WARNING: Maximum # of influencers exceeded for a vertex, extras ignored
		WARNING: Maximum # of influencers exceeded for a vertex, extras ignored
		WARNING: Maximum # of influencers exceeded for a vertex, extras ignored
		WARNING: Maximum # of influencers exceeded for a vertex, extras ignored
		WARNING: Maximum # of influencers exceeded for a vertex, extras ignored
		WARNING: Maximum # of influencers exceeded for a vertex, extras ignored
		WARNING: Maximum # of influencers exceeded for a vertex, extras ignored
		WARNING: Maximum # of influencers exceeded for a vertex, extras ignored
		WARNING: Maximum # of influencers exceeded for a vertex, extras ignored
		WARNING: Maximum # of influencers exceeded for a vertex, extras ignored
		WARNING: Maximum # of influencers exceeded for a vertex, extras ignored
		WARNING: Maximum # of influencers exceeded for a vertex, extras ignored
		WARNING: Maximum # of influencers exceeded for a vertex, extras ignored
		WARNING: Maximum # of influencers exceeded for a vertex, extras ignored
		WARNING: Maximum # of influencers exceeded for a vertex, extras ignored
		WARNING: Maximum # of influencers exceeded for a vertex, extras ignored
		WARNING: Maximum # of influencers exceeded for a vertex, extras ignored
		WARNING: Maximum # of influencers exceeded for a vertex, extras ignored
		WARNING: Maximum # of influencers exceeded for a vertex, extras ignored
		WARNING: Maximum # of influencers exceeded for a vertex, extras ignored
		WARNING: Maximum # of influencers exceeded for a vertex, extras ignored
		WARNING: Maximum # of influencers exceeded for a vertex, extras ignored
		WARNING: Maximum # of influencers exceeded for a vertex, extras ignored
		WARNING: Maximum # of influencers exceeded for a vertex, extras ignored
		WARNING: Maximum # of influencers exceeded for a vertex, extras ignored
		WARNING: Maximum # of influencers exceeded for a vertex, extras ignored
		WARNING: Maximum # of influencers exceeded for a vertex, extras ignored
		WARNING: Maximum # of influencers exceeded for a vertex, extras ignored
		WARNING: Maximum # of influencers exceeded for a vertex, extras ignored
		WARNING: Maximum # of influencers exceeded for a vertex, extras ignored
		WARNING: Maximum # of influencers exceeded for a vertex, extras ignored
		WARNING: Maximum # of influencers exceeded for a vertex, extras ignored
		WARNING: Maximum # of influencers exceeded for a vertex, extras ignored
		WARNING: Maximum # of influencers exceeded for a vertex, extras ignored
		WARNING: Maximum # of influencers exceeded for a vertex, extras ignored
		WARNING: Maximum # of influencers exceeded for a vertex, extras ignored
		WARNING: Maximum # of influencers exceeded for a vertex, extras ignored
		WARNING: Maximum # of influencers exceeded for a vertex, extras ignored
		WARNING: Maximum # of influencers exceeded for a vertex, extras ignored
		WARNING: Maximum # of influencers exceeded for a vertex, extras ignored
		WARNING: Maximum # of influencers exceeded for a vertex, extras ignored
		WARNING: Maximum # of influencers exceeded for a vertex, extras ignored
		WARNING: Maximum # of influencers exceeded for a vertex, extras ignored
		WARNING: Maximum # of influencers exceeded for a vertex, extras ignored
		WARNING: Maximum # of influencers exceeded for a vertex, extras ignored
		WARNING: Maximum # of influencers exceeded for a vertex, extras ignored
		WARNING: Maximum # of influencers exceeded for a vertex, extras ignored
		WARNING: Maximum # of influencers exceeded for a vertex, extras ignored
		WARNING: Maximum # of influencers exceeded for a vertex, extras ignored
		WARNING: Maximum # of influencers exceeded for a vertex, extras ignored
		WARNING: Maximum # of influencers exceeded for a vertex, extras ignored
		WARNING: Maximum # of influencers exceeded for a vertex, extras ignored
		WARNING: Maximum # of influencers exceeded for a vertex, extras ignored
		WARNING: Maximum # of influencers exceeded for a vertex, extras ignored
		WARNING: Maximum # of influencers exceeded for a vertex, extras ignored
		WARNING: Maximum # of influencers exceeded for a vertex, extras ignored
		WARNING: Maximum # of influencers exceeded for a vertex, extras ignored
		WARNING: Maximum # of influencers exceeded for a vertex, extras ignored
		WARNING: Maximum # of influencers exceeded for a vertex, extras ignored
		WARNING: Maximum # of influencers exceeded for a vertex, extras ignored
		WARNING: Maximum # of influencers exceeded for a vertex, extras ignored
		WARNING: Maximum # of influencers exceeded for a vertex, extras ignored
		WARNING: Maximum # of influencers exceeded for a vertex, extras ignored
		WARNING: Maximum # of influencers exceeded for a vertex, extras ignored
		WARNING: Maximum # of influencers exceeded for a vertex, extras ignored
		WARNING: Maximum # of influencers exceeded for a vertex, extras ignored
		WARNING: Maximum # of influencers exceeded for a vertex, extras ignored
		WARNING: Maximum # of influencers exceeded for a vertex, extras ignored
		WARNING: Maximum # of influencers exceeded for a vertex, extras ignored
		WARNING: Maximum # of influencers exceeded for a vertex, extras ignored
		WARNING: Maximum # of influencers exceeded for a vertex, extras ignored
		WARNING: Maximum # of influencers exceeded for a vertex, extras ignored
		WARNING: Maximum # of influencers exceeded for a vertex, extras ignored
		WARNING: Maximum # of influencers exceeded for a vertex, extras ignored
		WARNING: Maximum # of influencers exceeded for a vertex, extras ignored
		WARNING: Maximum # of influencers exceeded for a vertex, extras ignored
		WARNING: Maximum # of influencers exceeded for a vertex, extras ignored
		WARNING: Maximum # of influencers exceeded for a vertex, extras ignored
		WARNING: Maximum # of influencers exceeded for a vertex, extras ignored
		WARNING: Maximum # of influencers exceeded for a vertex, extras ignored
		WARNING: Maximum # of influencers exceeded for a vertex, extras ignored
		WARNING: Maximum # of influencers exceeded for a vertex, extras ignored
		WARNING: Maximum # of influencers exceeded for a vertex, extras ignored
		WARNING: Maximum # of influencers exceeded for a vertex, extras ignored
		WARNING: Maximum # of influencers exceeded for a vertex, extras ignored
		WARNING: Maximum # of influencers exceeded for a vertex, extras ignored
		WARNING: Maximum # of influencers exceeded for a vertex, extras ignored
		WARNING: Maximum # of influencers exceeded for a vertex, extras ignored
		WARNING: Maximum # of influencers exceeded for a vertex, extras ignored
		WARNING: Maximum # of influencers exceeded for a vertex, extras ignored
		WARNING: Maximum # of influencers exceeded for a vertex, extras ignored
		WARNING: Maximum # of influencers exceeded for a vertex, extras ignored
		WARNING: Maximum # of influencers exceeded for a vertex, extras ignored
		WARNING: Maximum # of influencers exceeded for a vertex, extras ignored
		WARNING: Maximum # of influencers exceeded for a vertex, extras ignored
		WARNING: Maximum # of influencers exceeded for a vertex, extras ignored
		WARNING: Maximum # of influencers exceeded for a vertex, extras ignored
		WARNING: Maximum # of influencers exceeded for a vertex, extras ignored
		WARNING: Maximum # of influencers exceeded for a vertex, extras ignored
		WARNING: Maximum # of influencers exceeded for a vertex, extras ignored
		WARNING: Maximum # of influencers exceeded for a vertex, extras ignored
		WARNING: Maximum # of influencers exceeded for a vertex, extras ignored
		WARNING: Maximum # of influencers exceeded for a vertex, extras ignored
		WARNING: Maximum # of influencers exceeded for a vertex, extras ignored
		WARNING: Maximum # of influencers exceeded for a vertex, extras ignored
		num positions      :  4062
		num normals        :  4062
		num uvs            :  8124
		num uvs2           :  0
		num colors         :  0
		num indices        :  4062
		num skeletonWeights:  16248
		num skeletonIndices:  16248
	processing begun of camera (FreeCamera):  Camera
	processing begun of light (HEMI):  Lamp
========= Writing of scene file started =========
========= Writing of scene file completed =========
========= end of processing =========
